[1m[31mERROR   [0m com_func.log:base_page.py:55 æŸ¥æ‰¾é¡µé¢å…ƒç´ //li[@class="color_sub"]å¤±è´¥
Traceback (most recent call last):
  File "C:\å·¥å…·èµ„æ–™\GitHub\python_web_autotest\html_page\base_page.py", line 49, in find_ele
    self.ele = WebDriverWait(self.driver, wait_time).until(EC.presence_of_element_located((getattr(By, method), pat)))
  File "C:\Users\64121\AppData\Local\Programs\Python\Python37\lib\site-packages\selenium\webdriver\support\wait.py", line 80, in until
    raise TimeoutException(message, screen, stacktrace)
selenium.common.exceptions.TimeoutException: Message: